<?xml version="1.0" encoding="utf-8"?><testsuites name="pytest tests"><testsuite name="pytest" errors="0" failures="0" skipped="0" tests="8" time="5.032" timestamp="2026-09-10T15:39:03.746045+00:00" hostname="agent-env-dd47d061-3db7-4fb5-a0b0-7876a6762434"><testcase classname="tests.test_maritime_api" name="test_auth_me_and_cookie" time="1.182" /><testcase classname="tests.test_maritime_api" name="test_dashboard_stats_shape" time="0.194" /><testcase classname="tests.test_maritime_api" name="test_list_detections_and_get_seeded" time="0.824" /><testcase classname="tests.test_maritime_api" name="test_detection_run_sample" time="0.274" /><testcase classname="tests.test_maritime_api" name="test_ais_list_track_and_nearby" time="0.514" /><testcase classname="tests.test_maritime_api" name="test_ais_csv_upload" time="0.171" /><testcase classname="tests.test_maritime_api" name="test_scoring_and_drift" time="0.383" /><testcase classname="tests.test_maritime_api" name="test_alert_resolve_and_reports" time="0.859" /></testsuite></testsuites>